# JRE version: Java(TM) SE Runtime Environment (8.0_112-b15) (build 1.8.0_112-b15)
# Java VM: Java HotSpot(TM) 64-Bit Server VM (25.112-b15 mixed mode windows-amd64 compressed oops)
Heap:
 PSYoungGen      total 58880K, used 14534K [0x00000007bc400000, 0x00000007c0000000, 0x00000007c0000000)
  eden space 56320K, 22% used [0x00000007bc400000,0x00000007bd0818e0,0x00000007bfb00000)
  from space 2560K, 67% used [0x00000007bfb00000,0x00000007bfcb0000,0x00000007bfd80000)
  to   space 2560K, 0% used [0x00000007bfd80000,0x00000007bfd80000,0x00000007c0000000)
 ParOldGen       total 145920K, used 43613K [0x0000000700000000, 0x0000000708e80000, 0x00000007bc400000)
  object space 145920K, 29% used [0x0000000700000000,0x0000000702a975e8,0x0000000708e80000)
 Metaspace       used 65874K, capacity 66309K, committed 67200K, reserved 1107968K
  class space    used 9337K, capacity 9464K, committed 9600K, reserved 1048576K
GC Heap History (10 events):
Event: 27617.328 GC heap before
{Heap before GC invocations=107 (full 14):
 PSYoungGen      total 58368K, used 896K [0x00000007bc400000, 0x00000007c0000000, 0x00000007c0000000)
  eden space 55296K, 0% used [0x00000007bc400000,0x00000007bc400000,0x00000007bfa00000)
  from space 3072K, 29% used [0x00000007bfa00000,0x00000007bfae0000,0x00000007bfd00000)
  to   space 3072K, 0% used [0x00000007bfd00000,0x00000007bfd00000,0x00000007c0000000)
 ParOldGen       total 145920K, used 47169K [0x0000000700000000, 0x0000000708e80000, 0x00000007bc400000)
  object space 145920K, 32% used [0x0000000700000000,0x0000000702e106a8,0x0000000708e80000)
 Metaspace       used 65870K, capacity 66309K, committed 67200K, reserved 1107968K
  class space    used 9337K, capacity 9464K, committed 9600K, reserved 1048576K
Event: 27617.550 GC heap after
Heap after GC invocations=107 (full 14):
 PSYoungGen      total 58368K, used 0K [0x00000007bc400000, 0x00000007c0000000, 0x00000007c0000000)
  eden space 55296K, 0% used [0x00000007bc400000,0x00000007bc400000,0x00000007bfa00000)
  from space 3072K, 0% used [0x00000007bfa00000,0x00000007bfa00000,0x00000007bfd00000)
  to   space 3072K, 0% used [0x00000007bfd00000,0x00000007bfd00000,0x00000007c0000000)
 ParOldGen       total 145920K, used 43613K [0x0000000700000000, 0x0000000708e80000, 0x00000007bc400000)
  object space 145920K, 29% used [0x0000000700000000,0x0000000702a975e8,0x0000000708e80000)
 Metaspace       used 65870K, capacity 66309K, committed 67200K, reserved 1107968K
  class space    used 9337K, capacity 9464K, committed 9600K, reserved 1048576K
}
Event: 27940.195 GC heap before
{Heap before GC invocations=108 (full 14):
 PSYoungGen      total 58368K, used 55296K [0x00000007bc400000, 0x00000007c0000000, 0x00000007c0000000)
  eden space 55296K, 100% used [0x00000007bc400000,0x00000007bfa00000,0x00000007bfa00000)
  from space 3072K, 0% used [0x00000007bfa00000,0x00000007bfa00000,0x00000007bfd00000)
  to   space 3072K, 0% used [0x00000007bfd00000,0x00000007bfd00000,0x00000007c0000000)
 ParOldGen       total 145920K, used 43613K [0x0000000700000000, 0x0000000708e80000, 0x00000007bc400000)
  object space 145920K, 29% used [0x0000000700000000,0x0000000702a975e8,0x0000000708e80000)
 Metaspace       used 65870K, capacity 66309K, committed 67200K, reserved 1107968K
  class space    used 9337K, capacity 9464K, committed 9600K, reserved 1048576K
Event: 27940.213 GC heap after
Heap after GC invocations=108 (full 14):
 PSYoungGen      total 58880K, used 1664K [0x00000007bc400000, 0x00000007c0000000, 0x00000007c0000000)
  eden space 55808K, 0% used [0x00000007bc400000,0x00000007bc400000,0x00000007bfa80000)
  from space 3072K, 54% used [0x00000007bfd00000,0x00000007bfea0000,0x00000007c0000000)
  to   space 2560K, 0% used [0x00000007bfa80000,0x00000007bfa80000,0x00000007bfd00000)
 ParOldGen       total 145920K, used 43613K [0x0000000700000000, 0x0000000708e80000, 0x00000007bc400000)
  object space 145920K, 29% used [0x0000000700000000,0x0000000702a975e8,0x0000000708e80000)
 Metaspace       used 65870K, capacity 66309K, committed 67200K, reserved 1107968K
  class space    used 9337K, capacity 9464K, committed 9600K, reserved 1048576K
}
Event: 28260.348 GC heap before
{Heap before GC invocations=109 (full 14):
 PSYoungGen      total 58880K, used 57472K [0x00000007bc400000, 0x00000007c0000000, 0x00000007c0000000)
  eden space 55808K, 100% used [0x00000007bc400000,0x00000007bfa80000,0x00000007bfa80000)
  from space 3072K, 54% used [0x00000007bfd00000,0x00000007bfea0000,0x00000007c0000000)
  to   space 2560K, 0% used [0x00000007bfa80000,0x00000007bfa80000,0x00000007bfd00000)
 ParOldGen       total 145920K, used 43613K [0x0000000700000000, 0x0000000708e80000, 0x00000007bc400000)
  object space 145920K, 29% used [0x0000000700000000,0x0000000702a975e8,0x0000000708e80000)
 Metaspace       used 65870K, capacity 66309K, committed 67200K, reserved 1107968K
  class space    used 9337K, capacity 9464K, committed 9600K, reserved 1048576K
Event: 28260.368 GC heap after
Heap after GC invocations=109 (full 14):
 PSYoungGen      total 58368K, used 1664K [0x00000007bc400000, 0x00000007c0000000, 0x00000007c0000000)
  eden space 55808K, 0% used [0x00000007bc400000,0x00000007bc400000,0x00000007bfa80000)
  from space 2560K, 65% used [0x00000007bfa80000,0x00000007bfc20000,0x00000007bfd00000)
  to   space 2560K, 0% used [0x00000007bfd80000,0x00000007bfd80000,0x00000007c0000000)
 ParOldGen       total 145920K, used 43613K [0x0000000700000000, 0x0000000708e80000, 0x00000007bc400000)
  object space 145920K, 29% used [0x0000000700000000,0x0000000702a975e8,0x0000000708e80000)
 Metaspace       used 65870K, capacity 66309K, committed 67200K, reserved 1107968K
  class space    used 9337K, capacity 9464K, committed 9600K, reserved 1048576K
}
Event: 28579.951 GC heap before
{Heap before GC invocations=110 (full 14):
 PSYoungGen      total 58368K, used 57472K [0x00000007bc400000, 0x00000007c0000000, 0x00000007c0000000)
  eden space 55808K, 100% used [0x00000007bc400000,0x00000007bfa80000,0x00000007bfa80000)
  from space 2560K, 65% used [0x00000007bfa80000,0x00000007bfc20000,0x00000007bfd00000)
  to   space 2560K, 0% used [0x00000007bfd80000,0x00000007bfd80000,0x00000007c0000000)
 ParOldGen       total 145920K, used 43613K [0x0000000700000000, 0x0000000708e80000, 0x00000007bc400000)
  object space 145920K, 29% used [0x0000000700000000,0x0000000702a975e8,0x0000000708e80000)
 Metaspace       used 65870K, capacity 66309K, committed 67200K, reserved 1107968K
  class space    used 9337K, capacity 9464K, committed 9600K, reserved 1048576K
Event: 28579.971 GC heap after
Heap after GC invocations=110 (full 14):
 PSYoungGen      total 58880K, used 1728K [0x00000007bc400000, 0x00000007c0000000, 0x00000007c0000000)
  eden space 56320K, 0% used [0x00000007bc400000,0x00000007bc400000,0x00000007bfb00000)
  from space 2560K, 67% used [0x00000007bfd80000,0x00000007bff30000,0x00000007c0000000)
  to   space 2560K, 0% used [0x00000007bfb00000,0x00000007bfb00000,0x00000007bfd80000)
 ParOldGen       total 145920K, used 43613K [0x0000000700000000, 0x0000000708e80000, 0x00000007bc400000)
  object space 145920K, 29% used [0x0000000700000000,0x0000000702a975e8,0x0000000708e80000)
 Metaspace       used 65870K, capacity 66309K, committed 67200K, reserved 1107968K
  class space    used 9337K, capacity 9464K, committed 9600K, reserved 1048576K
}
Event: 28905.555 GC heap before
{Heap before GC invocations=111 (full 14):
 PSYoungGen      total 58880K, used 58048K [0x00000007bc400000, 0x00000007c0000000, 0x00000007c0000000)
  eden space 56320K, 100% used [0x00000007bc400000,0x00000007bfb00000,0x00000007bfb00000)
  from space 2560K, 67% used [0x00000007bfd80000,0x00000007bff30000,0x00000007c0000000)
  to   space 2560K, 0% used [0x00000007bfb00000,0x00000007bfb00000,0x00000007bfd80000)
 ParOldGen       total 145920K, used 43613K [0x0000000700000000, 0x0000000708e80000, 0x00000007bc400000)
  object space 145920K, 29% used [0x0000000700000000,0x0000000702a975e8,0x0000000708e80000)
 Metaspace       used 65870K, capacity 66309K, committed 67200K, reserved 1107968K
  class space    used 9337K, capacity 9464K, committed 9600K, reserved 1048576K
Event: 28905.576 GC heap after
Heap after GC invocations=111 (full 14):
 PSYoungGen      total 58880K, used 1728K [0x00000007bc400000, 0x00000007c0000000, 0x00000007c0000000)
  eden space 56320K, 0% used [0x00000007bc400000,0x00000007bc400000,0x00000007bfb00000)
  from space 2560K, 67% used [0x00000007bfb00000,0x00000007bfcb0000,0x00000007bfd80000)
  to   space 2560K, 0% used [0x00000007bfd80000,0x00000007bfd80000,0x00000007c0000000)
 ParOldGen       total 145920K, used 43613K [0x0000000700000000, 0x0000000708e80000, 0x00000007bc400000)
  object space 145920K, 29% used [0x0000000700000000,0x0000000702a975e8,0x0000000708e80000)
 Metaspace       used 65870K, capacity 66309K, committed 67200K, reserved 1107968K
  class space    used 9337K, capacity 9464K, committed 9600K, reserved 1048576K
}

